
2021-05-26 19:16:48,132 DEBUG :: This is debug
2021-05-26 19:16:48,132 INFO :: This is info
2021-05-26 19:16:48,132 WARNING :: This is info
2021-05-26 19:16:48,132 ERROR :: This is info
2021-05-27 14:31:24,564 DEBUG :: This is debug
2021-05-27 14:31:24,565 INFO :: This is info
2021-05-27 14:31:24,565 WARNING :: This is info
2021-05-27 14:31:24,565 ERROR :: This is info
2021-05-27 21:59:22,729 DEBUG :: This is debug
2021-05-27 21:59:22,730 INFO :: This is info
2021-05-27 21:59:22,730 WARNING :: This is info
2021-05-27 21:59:22,731 ERROR :: This is info
2021-05-27 22:00:17,777 DEBUG :: Starting new HTTPS connection (1): www.bitmex.com:443
2021-05-27 22:00:18,571 DEBUG :: https://www.bitmex.com:443 "GET /api/v1/instrument/active HTTP/1.1" 200 None
2021-05-27 22:00:34,612 DEBUG :: Starting new HTTPS connection (1): www.bitmex.com:443
2021-05-27 22:00:35,292 DEBUG :: https://www.bitmex.com:443 "GET /api/v1/instrument/active HTTP/1.1" 200 None
2021-05-27 23:04:54,697 DEBUG :: Starting new HTTPS connection (1): www.bitmex.com:443
2021-05-27 23:04:55,426 DEBUG :: https://www.bitmex.com:443 "GET /api/v1/instrument/active HTTP/1.1" 200 None
2021-05-27 23:05:26,592 DEBUG :: Starting new HTTPS connection (1): www.bitmex.com:443
2021-05-27 23:05:27,284 DEBUG :: https://www.bitmex.com:443 "GET /api/v1/instrument/active HTTP/1.1" 200 None
2021-05-27 23:05:46,219 DEBUG :: Starting new HTTPS connection (1): www.bitmex.com:443
2021-05-27 23:05:46,890 DEBUG :: https://www.bitmex.com:443 "GET /api/v1/instrument/active HTTP/1.1" 200 None
2021-05-27 23:06:52,437 DEBUG :: Starting new HTTPS connection (1): www.bitmex.com:443
2021-05-27 23:06:53,067 DEBUG :: https://www.bitmex.com:443 "GET /api/v1/instrument/active HTTP/1.1" 200 None
2021-05-27 23:07:10,757 DEBUG :: Starting new HTTPS connection (1): www.bitmex.com:443
2021-05-27 23:07:11,298 DEBUG :: https://www.bitmex.com:443 "GET /api/v1/instrument/active HTTP/1.1" 200 None
2021-05-27 23:07:26,078 DEBUG :: Starting new HTTPS connection (1): www.bitmex.com:443
2021-05-27 23:07:26,748 DEBUG :: https://www.bitmex.com:443 "GET /api/v1/instrument/active HTTP/1.1" 200 None
2021-05-27 23:08:34,469 DEBUG :: Starting new HTTPS connection (1): www.bitmex.com:443
2021-05-27 23:08:35,108 DEBUG :: https://www.bitmex.com:443 "GET /api/v1/instrument/active HTTP/1.1" 200 None
2021-05-27 23:09:17,876 DEBUG :: Starting new HTTPS connection (1): www.bitmex.com:443
2021-05-27 23:09:18,549 DEBUG :: https://www.bitmex.com:443 "GET /api/v1/instrument/active HTTP/1.1" 200 None
2021-05-27 23:10:00,671 DEBUG :: Starting new HTTPS connection (1): www.bitmex.com:443
2021-05-27 23:10:01,506 DEBUG :: https://www.bitmex.com:443 "GET /api/v1/instrument/active HTTP/1.1" 200 None
